[debug] [2024-03-12T23:20:22.545Z] ----------------------------------------------------------------------
[debug] [2024-03-12T23:20:22.547Z] Command:       /opt/homebrew/Cellar/node/20.7.0/bin/node /opt/homebrew/bin/firebase emulators:start --only functions
[debug] [2024-03-12T23:20:22.547Z] CLI Version:   13.4.1
[debug] [2024-03-12T23:20:22.547Z] Platform:      darwin
[debug] [2024-03-12T23:20:22.548Z] Node Version:  v20.7.0
[debug] [2024-03-12T23:20:22.548Z] Time:          Tue Mar 12 2024 19:20:22 GMT-0400 (Eastern Daylight Time)
[debug] [2024-03-12T23:20:22.548Z] ----------------------------------------------------------------------
[debug] 
[debug] [2024-03-12T23:20:22.605Z] > command requires scopes: ["email","openid","https://www.googleapis.com/auth/cloudplatformprojects.readonly","https://www.googleapis.com/auth/firebase","https://www.googleapis.com/auth/cloud-platform"]
[debug] [2024-03-12T23:20:22.605Z] > authorizing via signed-in user (davidspinosp@gmail.com)
[info] i  emulators: Starting emulators: functions {"metadata":{"emulator":{"name":"hub"},"message":"Starting emulators: functions"}}
[debug] [2024-03-12T23:20:22.932Z] [logging] Logging Emulator only supports listening on one address (127.0.0.1). Not listening on ::1
[debug] [2024-03-12T23:20:22.932Z] assigned listening specs for emulators {"user":{"hub":[{"address":"127.0.0.1","family":"IPv4","port":4400},{"address":"::1","family":"IPv6","port":4400}],"ui":[{"address":"127.0.0.1","family":"IPv4","port":4000},{"address":"::1","family":"IPv6","port":4000}],"logging":[{"address":"127.0.0.1","family":"IPv4","port":4500}]},"metadata":{"message":"assigned listening specs for emulators"}}
[debug] [2024-03-12T23:20:22.934Z] [hub] writing locator at /var/folders/zt/7vbj7q_n3_q2ylj2fqyvc0j00000gn/T/hub-hrbot-e8686.json
[debug] [2024-03-12T23:20:23.154Z] [functions] Functions Emulator only supports listening on one address (127.0.0.1). Not listening on ::1
[debug] [2024-03-12T23:20:23.154Z] [eventarc] Eventarc Emulator only supports listening on one address (127.0.0.1). Not listening on ::1
[debug] [2024-03-12T23:20:23.154Z] late-assigned ports for functions and eventarc emulators {"user":{"hub":[{"address":"127.0.0.1","family":"IPv4","port":4400},{"address":"::1","family":"IPv6","port":4400}],"ui":[{"address":"127.0.0.1","family":"IPv4","port":4000},{"address":"::1","family":"IPv6","port":4000}],"logging":[{"address":"127.0.0.1","family":"IPv4","port":4500}],"functions":[{"address":"127.0.0.1","family":"IPv4","port":5001}],"eventarc":[{"address":"127.0.0.1","family":"IPv4","port":9299}]},"metadata":{"message":"late-assigned ports for functions and eventarc emulators"}}
[warn] ⚠  functions: The following emulators are not running, calls to these services from the Functions emulator will affect production: auth, firestore, database, hosting, pubsub, storage {"metadata":{"emulator":{"name":"functions"},"message":"The following emulators are not running, calls to these services from the Functions emulator will affect production: \u001b[1mauth, firestore, database, hosting, pubsub, storage\u001b[22m"}}
[debug] [2024-03-12T23:20:23.156Z] defaultcredentials: writing to file /Users/davidpinos/.config/firebase/davidspinosp_gmail_com_application_default_credentials.json
[debug] [2024-03-12T23:20:23.160Z] Setting GAC to /Users/davidpinos/.config/firebase/davidspinosp_gmail_com_application_default_credentials.json {"metadata":{"emulator":{"name":"functions"},"message":"Setting GAC to /Users/davidpinos/.config/firebase/davidspinosp_gmail_com_application_default_credentials.json"}}
[debug] [2024-03-12T23:20:23.160Z] >>> [apiv2][query] GET https://firebase.googleapis.com/v1beta1/projects/hrbot-e8686/adminSdkConfig [none]
[debug] [2024-03-12T23:20:23.689Z] <<< [apiv2][status] GET https://firebase.googleapis.com/v1beta1/projects/hrbot-e8686/adminSdkConfig 200
[debug] [2024-03-12T23:20:23.689Z] <<< [apiv2][body] GET https://firebase.googleapis.com/v1beta1/projects/hrbot-e8686/adminSdkConfig {"projectId":"hrbot-e8686","storageBucket":"hrbot-e8686.appspot.com"}
[debug] [2024-03-12T23:20:23.698Z] Ignoring unsupported arg: auto_download {"metadata":{"emulator":{"name":"ui"},"message":"Ignoring unsupported arg: auto_download"}}
[debug] [2024-03-12T23:20:23.698Z] Ignoring unsupported arg: port {"metadata":{"emulator":{"name":"ui"},"message":"Ignoring unsupported arg: port"}}
[debug] [2024-03-12T23:20:23.698Z] Starting Emulator UI with command {"binary":"node","args":["/Users/davidpinos/.cache/firebase/emulators/ui-v1.11.7/server/server.js"],"optionalArgs":[],"joinArgs":false} {"metadata":{"emulator":{"name":"ui"},"message":"Starting Emulator UI with command {\"binary\":\"node\",\"args\":[\"/Users/davidpinos/.cache/firebase/emulators/ui-v1.11.7/server/server.js\"],\"optionalArgs\":[],\"joinArgs\":false}"}}
[info] i  ui: Emulator UI logging to ui-debug.log {"metadata":{"emulator":{"name":"ui"},"message":"Emulator UI logging to \u001b[1mui-debug.log\u001b[22m"}}
[debug] [2024-03-12T23:20:23.759Z] Web / API server started at 127.0.0.1:4000
 {"metadata":{"emulator":{"name":"ui"},"message":"Web / API server started at 127.0.0.1:4000\n"}}
[debug] [2024-03-12T23:20:23.759Z] Web / API server started at ::1:4000
 {"metadata":{"emulator":{"name":"ui"},"message":"Web / API server started at ::1:4000\n"}}
[info] i  functions: Watching "/Users/davidpinos/Documents/Code/Coding Projets/Proyecto Whatsapp/HRWeb/my-app/functions" for Cloud Functions... {"metadata":{"emulator":{"name":"functions"},"message":"Watching \"/Users/davidpinos/Documents/Code/Coding Projets/Proyecto Whatsapp/HRWeb/my-app/functions\" for Cloud Functions..."}}
[debug] [2024-03-12T23:20:23.955Z] Validating nodejs source
[debug] [2024-03-12T23:20:24.266Z] > [functions] package.json contents: {
  "name": "functions",
  "scripts": {
    "build": "npm run lint && tsc",
    "build:watch": "tsc --watch",
    "serve": "npm run build && firebase emulators:start --only functions",
    "shell": "npm run build && firebase functions:shell",
    "start": "npm run shell",
    "deploy": "firebase deploy --only functions",
    "logs": "firebase functions:log",
    "lint": "eslint . --config .eslintrc.js",
    "lint:fix": "eslint . --fix --config .eslintrc.js"
  },
  "engines": {
    "node": "20"
  },
  "main": "lib/index.js",
  "dependencies": {
    "@sendgrid/mail": "^8.1.1",
    "firebase-admin": "^11.8.0",
    "firebase-functions": "^4.3.1"
  },
  "devDependencies": {
    "@typescript-eslint/eslint-plugin": "^5.12.0",
    "@typescript-eslint/parser": "^5.12.0",
    "eslint": "^8.9.0",
    "eslint-config-google": "^0.14.0",
    "eslint-config-prettier": "^9.1.0",
    "eslint-plugin-import": "^2.25.4",
    "eslint-plugin-prettier": "^5.1.3",
    "firebase-functions-test": "^3.1.0",
    "prettier": "^3.2.5",
    "typescript": "^4.9.0"
  },
  "private": true
}
[debug] [2024-03-12T23:20:24.266Z] Building nodejs source
[debug] [2024-03-12T23:20:24.266Z] Failed to find version of module node: reached end of search path /Users/davidpinos/Documents/Code/Coding Projets/Proyecto Whatsapp/HRWeb/my-app/functions/node_modules
[info] ✔  functions: Using node@20 from host. 
[info] i  functions: Loaded environment variables from .env. 
[debug] [2024-03-12T23:20:24.268Z] Could not find functions.yaml. Must use http discovery
[debug] [2024-03-12T23:20:24.270Z] Found firebase-functions binary at '/Users/davidpinos/Documents/Code/Coding Projets/Proyecto Whatsapp/HRWeb/my-app/functions/node_modules/.bin/firebase-functions'
[info] Serving at port 8605

[debug] [2024-03-12T23:20:24.452Z] Got response from /__/functions.yaml {"endpoints":{"sendmessage":{"availableMemoryMb":null,"timeoutSeconds":null,"minInstances":null,"maxInstances":null,"ingressSettings":null,"concurrency":null,"serviceAccountEmail":null,"vpc":null,"platform":"gcfv2","labels":{},"httpsTrigger":{},"entryPoint":"sendmessage"}},"specVersion":"v1alpha1","requiredAPIs":[]}
[info] ✔  functions: Loaded functions definitions from source: sendmessage. {"metadata":{"emulator":{"name":"functions"},"message":"Loaded functions definitions from source: sendmessage."}}
[info] ✔  functions[us-central1-sendmessage]: http function initialized (http://127.0.0.1:5001/hrbot-e8686/us-central1/sendmessage). {"metadata":{"emulator":{"name":"functions"},"message":"\u001b[1mhttp\u001b[22m function initialized (http://127.0.0.1:5001/hrbot-e8686/us-central1/sendmessage)."}}
[info] 
┌─────────────────────────────────────────────────────────────┐
│ ✔  All emulators ready! It is now safe to connect your app. │
│ i  View Emulator UI at http://127.0.0.1:4000/               │
└─────────────────────────────────────────────────────────────┘

┌───────────┬────────────────┬─────────────────────────────────┐
│ Emulator  │ Host:Port      │ View in Emulator UI             │
├───────────┼────────────────┼─────────────────────────────────┤
│ Functions │ 127.0.0.1:5001 │ http://127.0.0.1:4000/functions │
└───────────┴────────────────┴─────────────────────────────────┘
  Emulator Hub running at 127.0.0.1:4400
  Other reserved ports: 4500

Issues? Report them at https://github.com/firebase/firebase-tools/issues and attach the *-debug.log files.
 
[debug] [2024-03-12T23:20:31.737Z] [work-queue] {"queuedWork":["/hrbot-e8686/us-central1/sendmessage-2024-03-12T23:20:31.737Z"],"queueLength":1,"runningWork":[],"workRunningCount":0}
[debug] [2024-03-12T23:20:31.738Z] [work-queue] {"queuedWork":[],"queueLength":0,"runningWork":["/hrbot-e8686/us-central1/sendmessage-2024-03-12T23:20:31.737Z"],"workRunningCount":1}
[debug] [2024-03-12T23:20:31.739Z] Accepted request OPTIONS /hrbot-e8686/us-central1/sendmessage --> us-central1-sendmessage
[debug] [2024-03-12T23:20:31.740Z] [functions] Runtime ready! Sending request! {"metadata":{"emulator":{"name":"functions"},"message":"[functions] Runtime ready! Sending request!"}}
[debug] [2024-03-12T23:20:31.741Z] [functions] Got req.url=/hrbot-e8686/us-central1/sendmessage, mapping to path=/ {"metadata":{"emulator":{"name":"functions"},"message":"[functions] Got req.url=/hrbot-e8686/us-central1/sendmessage, mapping to path=/"}}
[info] i  functions: Loaded environment variables from .env. 
[debug] [2024-03-12T23:20:31.750Z] [worker-pool] addWorker(us-central1-sendmessage) {"metadata":{"emulator":{"name":"functions"},"message":"[worker-pool] addWorker(us-central1-sendmessage)"}}
[debug] [2024-03-12T23:20:31.752Z] [worker-pool] Adding worker with key us-central1-sendmessage, total=1 {"metadata":{"emulator":{"name":"functions"},"message":"[worker-pool] Adding worker with key us-central1-sendmessage, total=1"}}
[debug] [2024-03-12T23:20:32.057Z] [runtime-status] [47059] Resolved module firebase-admin {"declared":true,"installed":true,"version":"11.11.1","resolution":"/Users/davidpinos/Documents/Code/Coding Projets/Proyecto Whatsapp/HRWeb/my-app/functions/node_modules/firebase-admin/lib/index.js"} {"metadata":{"emulator":{"name":"functions"},"function":{"name":"us-central1-sendmessage"},"extension":{},"message":"[runtime-status] [47059] Resolved module firebase-admin {\"declared\":true,\"installed\":true,\"version\":\"11.11.1\",\"resolution\":\"/Users/davidpinos/Documents/Code/Coding Projets/Proyecto Whatsapp/HRWeb/my-app/functions/node_modules/firebase-admin/lib/index.js\"}"}}
[debug] [2024-03-12T23:20:32.058Z] [runtime-status] [47059] Resolved module firebase-functions {"declared":true,"installed":true,"version":"4.8.0","resolution":"/Users/davidpinos/Documents/Code/Coding Projets/Proyecto Whatsapp/HRWeb/my-app/functions/node_modules/firebase-functions/lib/v1/index.js"} {"metadata":{"emulator":{"name":"functions"},"function":{"name":"us-central1-sendmessage"},"extension":{},"message":"[runtime-status] [47059] Resolved module firebase-functions {\"declared\":true,\"installed\":true,\"version\":\"4.8.0\",\"resolution\":\"/Users/davidpinos/Documents/Code/Coding Projets/Proyecto Whatsapp/HRWeb/my-app/functions/node_modules/firebase-functions/lib/v1/index.js\"}"}}
[debug] [2024-03-12T23:20:32.058Z] [runtime-status] [47059] Outgoing network have been stubbed. [{"name":"http","status":"mocked"},{"name":"http","status":"mocked"},{"name":"https","status":"mocked"},{"name":"https","status":"mocked"},{"name":"net","status":"mocked"}] {"metadata":{"emulator":{"name":"functions"},"function":{"name":"us-central1-sendmessage"},"extension":{},"message":"[runtime-status] [47059] Outgoing network have been stubbed. [{\"name\":\"http\",\"status\":\"mocked\"},{\"name\":\"http\",\"status\":\"mocked\"},{\"name\":\"https\",\"status\":\"mocked\"},{\"name\":\"https\",\"status\":\"mocked\"},{\"name\":\"net\",\"status\":\"mocked\"}]"}}
[debug] [2024-03-12T23:20:32.058Z] [runtime-status] [47059] Resolved module firebase-functions {"declared":true,"installed":true,"version":"4.8.0","resolution":"/Users/davidpinos/Documents/Code/Coding Projets/Proyecto Whatsapp/HRWeb/my-app/functions/node_modules/firebase-functions/lib/v1/index.js"} {"metadata":{"emulator":{"name":"functions"},"function":{"name":"us-central1-sendmessage"},"extension":{},"message":"[runtime-status] [47059] Resolved module firebase-functions {\"declared\":true,\"installed\":true,\"version\":\"4.8.0\",\"resolution\":\"/Users/davidpinos/Documents/Code/Coding Projets/Proyecto Whatsapp/HRWeb/my-app/functions/node_modules/firebase-functions/lib/v1/index.js\"}"}}
[debug] [2024-03-12T23:20:32.130Z] [runtime-status] [47059] Checked functions.config() {"config":{}} {"metadata":{"emulator":{"name":"functions"},"function":{"name":"us-central1-sendmessage"},"extension":{},"message":"[runtime-status] [47059] Checked functions.config() {\"config\":{}}"}}
[debug] [2024-03-12T23:20:32.130Z] [runtime-status] [47059] firebase-functions has been stubbed. {"functionsResolution":{"declared":true,"installed":true,"version":"4.8.0","resolution":"/Users/davidpinos/Documents/Code/Coding Projets/Proyecto Whatsapp/HRWeb/my-app/functions/node_modules/firebase-functions/lib/v1/index.js"}} {"metadata":{"emulator":{"name":"functions"},"function":{"name":"us-central1-sendmessage"},"extension":{},"message":"[runtime-status] [47059] firebase-functions has been stubbed. {\"functionsResolution\":{\"declared\":true,\"installed\":true,\"version\":\"4.8.0\",\"resolution\":\"/Users/davidpinos/Documents/Code/Coding Projets/Proyecto Whatsapp/HRWeb/my-app/functions/node_modules/firebase-functions/lib/v1/index.js\"}}"}}
[debug] [2024-03-12T23:20:32.130Z] [runtime-status] [47059] Resolved module firebase-functions {"declared":true,"installed":true,"version":"4.8.0","resolution":"/Users/davidpinos/Documents/Code/Coding Projets/Proyecto Whatsapp/HRWeb/my-app/functions/node_modules/firebase-functions/lib/v1/index.js"} {"metadata":{"emulator":{"name":"functions"},"function":{"name":"us-central1-sendmessage"},"extension":{},"message":"[runtime-status] [47059] Resolved module firebase-functions {\"declared\":true,\"installed\":true,\"version\":\"4.8.0\",\"resolution\":\"/Users/davidpinos/Documents/Code/Coding Projets/Proyecto Whatsapp/HRWeb/my-app/functions/node_modules/firebase-functions/lib/v1/index.js\"}"}}
[debug] [2024-03-12T23:20:32.131Z] [runtime-status] [47059] Resolved module firebase-admin {"declared":true,"installed":true,"version":"11.11.1","resolution":"/Users/davidpinos/Documents/Code/Coding Projets/Proyecto Whatsapp/HRWeb/my-app/functions/node_modules/firebase-admin/lib/index.js"} {"metadata":{"emulator":{"name":"functions"},"function":{"name":"us-central1-sendmessage"},"extension":{},"message":"[runtime-status] [47059] Resolved module firebase-admin {\"declared\":true,\"installed\":true,\"version\":\"11.11.1\",\"resolution\":\"/Users/davidpinos/Documents/Code/Coding Projets/Proyecto Whatsapp/HRWeb/my-app/functions/node_modules/firebase-admin/lib/index.js\"}"}}
[debug] [2024-03-12T23:20:32.132Z] [runtime-status] [47059] Resolved module firebase-functions {"declared":true,"installed":true,"version":"4.8.0","resolution":"/Users/davidpinos/Documents/Code/Coding Projets/Proyecto Whatsapp/HRWeb/my-app/functions/node_modules/firebase-functions/lib/v1/index.js"} {"metadata":{"emulator":{"name":"functions"},"function":{"name":"us-central1-sendmessage"},"extension":{},"message":"[runtime-status] [47059] Resolved module firebase-functions {\"declared\":true,\"installed\":true,\"version\":\"4.8.0\",\"resolution\":\"/Users/davidpinos/Documents/Code/Coding Projets/Proyecto Whatsapp/HRWeb/my-app/functions/node_modules/firebase-functions/lib/v1/index.js\"}"}}
[debug] [2024-03-12T23:20:32.132Z] [runtime-status] [47059] firebase-admin has been stubbed. {"adminResolution":{"declared":true,"installed":true,"version":"11.11.1","resolution":"/Users/davidpinos/Documents/Code/Coding Projets/Proyecto Whatsapp/HRWeb/my-app/functions/node_modules/firebase-admin/lib/index.js"}} {"metadata":{"emulator":{"name":"functions"},"function":{"name":"us-central1-sendmessage"},"extension":{},"message":"[runtime-status] [47059] firebase-admin has been stubbed. {\"adminResolution\":{\"declared\":true,\"installed\":true,\"version\":\"11.11.1\",\"resolution\":\"/Users/davidpinos/Documents/Code/Coding Projets/Proyecto Whatsapp/HRWeb/my-app/functions/node_modules/firebase-admin/lib/index.js\"}}"}}
[debug] [2024-03-12T23:20:32.145Z] [runtime-status] [47059] Functions runtime initialized. {"cwd":"/Users/davidpinos/Documents/Code/Coding Projets/Proyecto Whatsapp/HRWeb/my-app/functions","node_version":"20.7.0"} {"metadata":{"emulator":{"name":"functions"},"function":{"name":"us-central1-sendmessage"},"extension":{},"message":"[runtime-status] [47059] Functions runtime initialized. {\"cwd\":\"/Users/davidpinos/Documents/Code/Coding Projets/Proyecto Whatsapp/HRWeb/my-app/functions\",\"node_version\":\"20.7.0\"}"}}
[debug] [2024-03-12T23:20:32.145Z] [runtime-status] [47059] Listening to port: /var/folders/zt/7vbj7q_n3_q2ylj2fqyvc0j00000gn/T/fire_emu_772cf7ca78682ad8.sock {"metadata":{"emulator":{"name":"functions"},"function":{"name":"us-central1-sendmessage"},"extension":{},"message":"[runtime-status] [47059] Listening to port: /var/folders/zt/7vbj7q_n3_q2ylj2fqyvc0j00000gn/T/fire_emu_772cf7ca78682ad8.sock"}}
[debug] [2024-03-12T23:20:32.162Z] [worker-us-central1-sendmessage-5f895a0f-7f24-41d5-b8d7-9402a094f289]: IDLE {"metadata":{"emulator":{"name":"functions"},"function":{"name":"us-central1-sendmessage"},"extension":{},"message":"[worker-us-central1-sendmessage-5f895a0f-7f24-41d5-b8d7-9402a094f289]: IDLE"}}
[debug] [2024-03-12T23:20:32.162Z] [worker-pool] submitRequest(triggerId=us-central1-sendmessage) {"metadata":{"emulator":{"name":"functions"},"message":"[worker-pool] submitRequest(triggerId=us-central1-sendmessage)"}}
[info] i  functions: Beginning execution of "us-central1-sendmessage" {"metadata":{"emulator":{"name":"functions"},"function":{"name":"us-central1-sendmessage"},"extension":{},"message":"Beginning execution of \"us-central1-sendmessage\""}}
[debug] [2024-03-12T23:20:32.162Z] [worker-us-central1-sendmessage-5f895a0f-7f24-41d5-b8d7-9402a094f289]: BUSY {"metadata":{"emulator":{"name":"functions"},"function":{"name":"us-central1-sendmessage"},"extension":{},"message":"[worker-us-central1-sendmessage-5f895a0f-7f24-41d5-b8d7-9402a094f289]: BUSY"}}
[debug] [2024-03-12T23:20:32.164Z] Finishing up request with event=pause {"metadata":{"emulator":{"name":"functions"},"function":{"name":"us-central1-sendmessage"},"extension":{},"message":"Finishing up request with event=pause"}}
[info] i  functions: Finished "us-central1-sendmessage" in 1.6685ms {"metadata":{"emulator":{"name":"functions"},"function":{"name":"us-central1-sendmessage"},"extension":{},"message":"Finished \"us-central1-sendmessage\" in 1.6685ms"}}
[debug] [2024-03-12T23:20:32.164Z] [worker-us-central1-sendmessage-5f895a0f-7f24-41d5-b8d7-9402a094f289]: IDLE {"metadata":{"emulator":{"name":"functions"},"function":{"name":"us-central1-sendmessage"},"extension":{},"message":"[worker-us-central1-sendmessage-5f895a0f-7f24-41d5-b8d7-9402a094f289]: IDLE"}}
[debug] [2024-03-12T23:20:32.164Z] Finishing up request with event=finish {"metadata":{"emulator":{"name":"functions"},"function":{"name":"us-central1-sendmessage"},"extension":{},"message":"Finishing up request with event=finish"}}
[debug] [2024-03-12T23:20:32.164Z] Finishing up request with event=close {"metadata":{"emulator":{"name":"functions"},"function":{"name":"us-central1-sendmessage"},"extension":{},"message":"Finishing up request with event=close"}}
[debug] [2024-03-12T23:20:32.164Z] [work-queue] {"queuedWork":[],"queueLength":0,"runningWork":[],"workRunningCount":0}
[debug] [2024-03-12T23:20:32.166Z] [work-queue] {"queuedWork":["/hrbot-e8686/us-central1/sendmessage-2024-03-12T23:20:32.166Z"],"queueLength":1,"runningWork":[],"workRunningCount":0}
[debug] [2024-03-12T23:20:32.166Z] [work-queue] {"queuedWork":[],"queueLength":0,"runningWork":["/hrbot-e8686/us-central1/sendmessage-2024-03-12T23:20:32.166Z"],"workRunningCount":1}
[debug] [2024-03-12T23:20:32.166Z] Accepted request POST /hrbot-e8686/us-central1/sendmessage --> us-central1-sendmessage
[debug] [2024-03-12T23:20:32.166Z] [functions] Runtime ready! Sending request! {"metadata":{"emulator":{"name":"functions"},"message":"[functions] Runtime ready! Sending request!"}}
[debug] [2024-03-12T23:20:32.166Z] [functions] Got req.url=/hrbot-e8686/us-central1/sendmessage, mapping to path=/ {"metadata":{"emulator":{"name":"functions"},"message":"[functions] Got req.url=/hrbot-e8686/us-central1/sendmessage, mapping to path=/"}}
[debug] [2024-03-12T23:20:32.166Z] [worker-pool] submitRequest(triggerId=us-central1-sendmessage) {"metadata":{"emulator":{"name":"functions"},"message":"[worker-pool] submitRequest(triggerId=us-central1-sendmessage)"}}
[info] i  functions: Beginning execution of "us-central1-sendmessage" {"metadata":{"emulator":{"name":"functions"},"function":{"name":"us-central1-sendmessage"},"extension":{},"message":"Beginning execution of \"us-central1-sendmessage\""}}
[debug] [2024-03-12T23:20:32.166Z] [worker-us-central1-sendmessage-5f895a0f-7f24-41d5-b8d7-9402a094f289]: BUSY {"metadata":{"emulator":{"name":"functions"},"function":{"name":"us-central1-sendmessage"},"extension":{},"message":"[worker-us-central1-sendmessage-5f895a0f-7f24-41d5-b8d7-9402a094f289]: BUSY"}}
[info] >  Email sent {"user":"Email sent","metadata":{"emulator":{"name":"functions"},"function":{"name":"us-central1-sendmessage"},"extension":{},"message":"\u001b[90m> \u001b[39m Email sent"}}
[debug] [2024-03-12T23:20:32.440Z] Finishing up request with event=pause {"metadata":{"emulator":{"name":"functions"},"function":{"name":"us-central1-sendmessage"},"extension":{},"message":"Finishing up request with event=pause"}}
[info] i  functions: Finished "us-central1-sendmessage" in 273.391209ms {"metadata":{"emulator":{"name":"functions"},"function":{"name":"us-central1-sendmessage"},"extension":{},"message":"Finished \"us-central1-sendmessage\" in 273.391209ms"}}
[debug] [2024-03-12T23:20:32.440Z] [worker-us-central1-sendmessage-5f895a0f-7f24-41d5-b8d7-9402a094f289]: IDLE {"metadata":{"emulator":{"name":"functions"},"function":{"name":"us-central1-sendmessage"},"extension":{},"message":"[worker-us-central1-sendmessage-5f895a0f-7f24-41d5-b8d7-9402a094f289]: IDLE"}}
[debug] [2024-03-12T23:20:32.440Z] Finishing up request with event=finish {"metadata":{"emulator":{"name":"functions"},"function":{"name":"us-central1-sendmessage"},"extension":{},"message":"Finishing up request with event=finish"}}
[debug] [2024-03-12T23:20:32.440Z] Finishing up request with event=close {"metadata":{"emulator":{"name":"functions"},"function":{"name":"us-central1-sendmessage"},"extension":{},"message":"Finishing up request with event=close"}}
[debug] [2024-03-12T23:20:32.440Z] [work-queue] {"queuedWork":[],"queueLength":0,"runningWork":[],"workRunningCount":0}
